j:\home\documents\github\adxdrumsampler\builds\visualstudio2017\x64\debug\shared code\include_juce_audio_basics.obj
j:\home\documents\github\adxdrumsampler\builds\visualstudio2017\x64\debug\shared code\include_juce_audio_processors.obj
j:\home\documents\github\adxdrumsampler\builds\visualstudio2017\x64\debug\shared code\include_juce_opengl.obj
j:\home\documents\github\adxdrumsampler\builds\visualstudio2017\x64\debug\shared code\include_juce_audio_devices.obj
j:\home\documents\github\adxdrumsampler\builds\visualstudio2017\x64\debug\shared code\include_juce_audio_utils.obj
j:\home\documents\github\adxdrumsampler\builds\visualstudio2017\x64\debug\shared code\plugineditor.obj
j:\home\documents\github\adxdrumsampler\builds\visualstudio2017\x64\debug\shared code\include_juce_cryptography.obj
j:\home\documents\github\adxdrumsampler\builds\visualstudio2017\x64\debug\shared code\include_juce_graphics.obj
j:\home\documents\github\adxdrumsampler\builds\visualstudio2017\x64\debug\shared code\pluginprocessor.obj
j:\home\documents\github\adxdrumsampler\builds\visualstudio2017\x64\debug\shared code\include_juce_data_structures.obj
j:\home\documents\github\adxdrumsampler\builds\visualstudio2017\x64\debug\shared code\include_juce_gui_basics.obj
j:\home\documents\github\adxdrumsampler\builds\visualstudio2017\x64\debug\shared code\include_juce_audio_formats.obj
j:\home\documents\github\adxdrumsampler\builds\visualstudio2017\x64\debug\shared code\include_juce_core.obj
j:\home\documents\github\adxdrumsampler\builds\visualstudio2017\x64\debug\shared code\include_juce_video.obj
j:\home\documents\github\adxdrumsampler\builds\visualstudio2017\x64\debug\shared code\include_juce_audio_plugin_client_utils.obj
j:\home\documents\github\adxdrumsampler\builds\visualstudio2017\x64\debug\shared code\include_juce_events.obj
j:\home\documents\github\adxdrumsampler\builds\visualstudio2017\x64\debug\shared code\include_juce_gui_extra.obj
j:\home\documents\github\adxdrumsampler\builds\visualstudio2017\x64\debug\shared code\adx_sharedcode.pdb
j:\home\documents\github\adxdrumsampler\builds\visualstudio2017\x64\debug\shared code\adx.lib
j:\home\documents\github\adxdrumsampler\builds\visualstudio2017\x64\debug\shared code\resources.res
j:\home\documents\github\adxdrumsampler\builds\visualstudio2017\x64\debug\shared code\adx_sharedcode.tlog\cl.command.1.tlog
j:\home\documents\github\adxdrumsampler\builds\visualstudio2017\x64\debug\shared code\adx_sharedcode.tlog\cl.read.1.tlog
j:\home\documents\github\adxdrumsampler\builds\visualstudio2017\x64\debug\shared code\adx_sharedcode.tlog\cl.write.1.tlog
j:\home\documents\github\adxdrumsampler\builds\visualstudio2017\x64\debug\shared code\adx_sharedcode.tlog\lib-link-cvtres.read.1.tlog
j:\home\documents\github\adxdrumsampler\builds\visualstudio2017\x64\debug\shared code\adx_sharedcode.tlog\lib-link-cvtres.write.1.tlog
j:\home\documents\github\adxdrumsampler\builds\visualstudio2017\x64\debug\shared code\adx_sharedcode.tlog\lib.command.1.tlog
j:\home\documents\github\adxdrumsampler\builds\visualstudio2017\x64\debug\shared code\adx_sharedcode.tlog\rc.command.1.tlog
j:\home\documents\github\adxdrumsampler\builds\visualstudio2017\x64\debug\shared code\adx_sharedcode.tlog\rc.read.1.tlog
j:\home\documents\github\adxdrumsampler\builds\visualstudio2017\x64\debug\shared code\adx_sharedcode.tlog\rc.write.1.tlog
