  PluginEditor.cpp
  SoundGUI.cpp
  VelocityLayerGUI.cpp
  DrumGUI.cpp
  PluginProcessor.cpp
  Misc.cpp
..\..\Source\PluginProcessor.cpp(84): warning C4100: 'index': unreferenced formal parameter
..\..\Source\PluginProcessor.cpp(88): warning C4100: 'index': unreferenced formal parameter
..\..\Source\PluginProcessor.cpp(93): warning C4100: 'newName': unreferenced formal parameter
..\..\Source\PluginProcessor.cpp(93): warning C4100: 'index': unreferenced formal parameter
..\..\Source\PluginProcessor.cpp(98): warning C4458: declaration of 'sampleRate' hides class member
  j:\home\documents\github\adxdrumsampler\source\PluginProcessor.h(67): note: see declaration of 'AdxAudioProcessor::sampleRate' (compiling source file ..\..\Source\PluginProcessor.cpp)
..\..\Source\PluginProcessor.cpp(98): warning C4458: declaration of 'samplesPerBlock' hides class member
  j:\home\documents\github\adxdrumsampler\source\PluginProcessor.h(66): note: see declaration of 'AdxAudioProcessor::samplesPerBlock' (compiling source file ..\..\Source\PluginProcessor.cpp)
..\..\Source\PluginProcessor.cpp(191): warning C4100: 'destData': unreferenced formal parameter
..\..\Source\PluginProcessor.cpp(198): warning C4100: 'sizeInBytes': unreferenced formal parameter
..\..\Source\PluginProcessor.cpp(198): warning C4100: 'data': unreferenced formal parameter
  Sound.cpp
  VelocityLayer.cpp
  Drum.cpp
  Channel.cpp
  include_juce_audio_basics.cpp
  include_juce_audio_devices.cpp
..\..\Source\VelocityLayer.cpp(47): warning C4244: 'return': conversion from 'int' to 'float', possible loss of data
..\..\Source\VelocityLayer.cpp(51): warning C4244: 'return': conversion from 'int' to 'float', possible loss of data
..\..\Source\Drum.cpp(60): warning C4458: declaration of 'note' hides class member
  j:\home\documents\github\adxdrumsampler\source\Drum.h(32): note: see declaration of 'Drum::note' (compiling source file ..\..\Source\Drum.cpp)
  include_juce_audio_formats.cpp
..\..\Source\Channel.cpp(49): warning C4458: declaration of 'samplesPerBlock' hides class member
  j:\home\documents\github\adxdrumsampler\source\Channel.h(32): note: see declaration of 'Channel::samplesPerBlock' (compiling source file ..\..\Source\Channel.cpp)
..\..\Source\Channel.cpp(49): warning C4458: declaration of 'sampleRate' hides class member
  j:\home\documents\github\adxdrumsampler\source\Channel.h(33): note: see declaration of 'Channel::sampleRate' (compiling source file ..\..\Source\Channel.cpp)
j:\home\documents\github\adxdrumsampler\source\velocitylayer.cpp(58): warning C4715: 'VelocityLayer::calculateCrossfade': not all control paths return a value
j:\home\documents\github\adxdrumsampler\source\velocitylayer.cpp(38): warning C4702: unreachable code
  include_juce_audio_plugin_client_utils.cpp
  include_juce_audio_processors.cpp
  include_juce_audio_utils.cpp
  include_juce_core.cpp
  include_juce_cryptography.cpp
  include_juce_data_structures.cpp
  include_juce_events.cpp
  include_juce_graphics.cpp
  include_juce_gui_basics.cpp
  include_juce_gui_extra.cpp
  include_juce_opengl.cpp
  include_juce_video.cpp
  ADX_SharedCode.vcxproj -> J:\Home\Documents\GitHub\ADXDrumSampler\Builds\VisualStudio2017\x64\Debug\Shared Code\ADX.lib
